<?xml version="1.0" encoding="UTF-8"?>
<testsuite xmlns:xsi="http://www.w3.org/2001/XMLSchema-instance" xsi:noNamespaceSchemaLocation="https://maven.apache.org/surefire/maven-surefire-plugin/xsd/surefire-test-report-3.0.xsd" version="3.0" name="com.example.multimodule.application.DemoApplicationTest" time="7.8" tests="1" errors="0" skipped="0" failures="0">
  <properties>
[...]
</properties>
  <testcase name="contextLoads" classname="com.example.multimodule.application.DemoApplicationTest" time="2.07">
    <system-out><![CDATA[16:53:33.610 [main] INFO org.springframework.test.context.support.AnnotationConfigContextLoaderUtils -- Could not detect default configuration classes for test class [com.example.multimodule.application.DemoApplicationTest]: DemoApplicationTest does not declare any static, non-private, non-final, nested classes annotated with @Configuration.
16:53:33.835 [main] INFO org.springframework.boot.test.context.SpringBootTestContextBootstrapper -- Found @SpringBootConfiguration com.example.multimodule.application.DemoApplication for test class com.example.multimodule.application.DemoApplicationTest
  .   ____          _            __ _ _
 /\\ / ___'_ __ _ _(_)_ __  __ _ \ \ \ \
( ( )\___ | '_ | '_| | '_ \/ _` | \ \ \ \
 \\/  ___)| |_)| | | | | || (_| |  ) ) ) )
  '  |____| .__|_| |_|_| |_\__, | / / / /
 =========|_|==============|___/=/_/_/_/

 :: Spring Boot ::                (v3.3.0)

2025-05-08T16:53:34.832+02:00  INFO 6172 --- [           main] c.e.m.application.DemoApplicationTest    : Starting DemoApplicationTest using Java 17.0.9 with PID 6172 (started by hong6 in C:\HONG\JAVATest202504\TESTh2\MultimoduleTesth\gs-multi-module\application)
2025-05-08T16:53:34.834+02:00  INFO 6172 --- [           main] c.e.m.application.DemoApplicationTest    : No active profile set, falling back to 1 default profile: "default"
2025-05-08T16:53:38.538+02:00  INFO 6172 --- [           main] o.s.b.a.e.web.EndpointLinksResolver      : Exposing 1 endpoint beneath base path '/actuator'
2025-05-08T16:53:38.717+02:00  INFO 6172 --- [           main] c.e.m.application.DemoApplicationTest    : Started DemoApplicationTest in 4.53 seconds (process running for 6.683)
]]></system-out>
  </testcase>
</testsuite>